<?xml version="1.0" encoding="UTF-8"?>
<!-- Generated by org.testng.reporters.JUnitReportReporter -->
<testsuite hostname="DESKTOP-0P4JERA" failures="0" tests="1" name="runner.TestRunner" time="20.515" errors="0" timestamp="2025-06-12T15:04:27 IST" skipped="0">
  <testcase classname="runner.TestRunner" name="runScenario" time="20.515"/>
</testsuite> <!-- runner.TestRunner -->
